This is pdfTeX, Version 3.1415926-2.5-1.40.14 (TeX Live 2013/Arch Linux) (format=pdflatex 2013.10.14)  23 FEB 2014 16:54
entering extended mode
 restricted \write18 enabled.
 %&-line parsing enabled.
**/home/mitchell/.emacs.d/language-specific/latex.el
(/home/mitchell/.emacs.d/language-specific/latex.el
LaTeX2e <2011/06/27>
Babel <3.9f> and hyphenation patterns for 78 languages loaded.

! LaTeX Error: Missing \begin{document}.

See the LaTeX manual or LaTeX Companion for explanation.
Type  H <return>  for immediate help.
 ...                                              
                                                  
l.1 (
     fset 'latex-code 
Here is how much of TeX's memory you used:
 7 strings out of 493311
 382 string characters out of 6143649
 52195 words of memory out of 5000000
 3561 multiletter control sequences out of 15000+600000
 3640 words of font info for 14 fonts, out of 8000000 for 9000
 957 hyphenation exceptions out of 8191
 5i,0n,4p,70b,14s stack positions out of 5000i,500n,10000p,200000b,80000s

!  ==> Fatal error occurred, no output PDF file produced!
